# JRE version: OpenJDK Runtime Environment (8.0_242-b01) (build 1.8.0_242-release-1644-b01)
# Java VM: OpenJDK 64-Bit Server VM (25.242-b01 mixed mode windows-amd64 compressed oops)
Heap:
 PSYoungGen      total 588288K, used 498415K [0x00000000d5580000, 0x00000000fbc80000, 0x0000000100000000)
  eden space 569344K, 87% used [0x00000000d5580000,0x00000000f3c3bc00,0x00000000f8180000)
  from space 18944K, 0% used [0x00000000faa00000,0x00000000faa00000,0x00000000fbc80000)
  to   space 30208K, 0% used [0x00000000f8180000,0x00000000f8180000,0x00000000f9f00000)
 ParOldGen       total 157696K, used 44084K [0x0000000080000000, 0x0000000089a00000, 0x00000000d5580000)
  object space 157696K, 27% used [0x0000000080000000,0x0000000082b0d2e8,0x0000000089a00000)
 Metaspace       used 108024K, capacity 112538K, committed 112832K, reserved 1146880K
  class space    used 13927K, capacity 14795K, committed 14848K, reserved 1048576K
GC Heap History (10 events):
Event: 43.797 GC heap before
{Heap before GC invocations=16 (full 3):
 PSYoungGen      total 299520K, used 299388K [0x00000000d5580000, 0x00000000e9600000, 0x0000000100000000)
  eden space 276992K, 100% used [0x00000000d5580000,0x00000000e6400000,0x00000000e6400000)
  from space 22528K, 99% used [0x00000000e7d00000,0x00000000e92df0d8,0x00000000e9300000)
  to   space 25600K, 0% used [0x00000000e6400000,0x00000000e6400000,0x00000000e7d00000)
 ParOldGen       total 122880K, used 28713K [0x0000000080000000, 0x0000000087800000, 0x00000000d5580000)
  object space 122880K, 23% used [0x0000000080000000,0x0000000081c0a658,0x0000000087800000)
 Metaspace       used 75253K, capacity 78426K, committed 78552K, reserved 1118208K
  class space    used 10097K, capacity 10686K, committed 10752K, reserved 1048576K
Event: 43.882 GC heap after
Heap after GC invocations=16 (full 3):
 PSYoungGen      total 302592K, used 13151K [0x00000000d5580000, 0x00000000f1a80000, 0x0000000100000000)
  eden space 276992K, 0% used [0x00000000d5580000,0x00000000d5580000,0x00000000e6400000)
  from space 25600K, 51% used [0x00000000e6400000,0x00000000e70d7e08,0x00000000e7d00000)
  to   space 25088K, 0% used [0x00000000f0200000,0x00000000f0200000,0x00000000f1a80000)
 ParOldGen       total 122880K, used 45780K [0x0000000080000000, 0x0000000087800000, 0x00000000d5580000)
  object space 122880K, 37% used [0x0000000080000000,0x0000000082cb52f0,0x0000000087800000)
 Metaspace       used 75253K, capacity 78426K, committed 78552K, reserved 1118208K
  class space    used 10097K, capacity 10686K, committed 10752K, reserved 1048576K
}
Event: 7821.845 GC heap before
{Heap before GC invocations=17 (full 3):
 PSYoungGen      total 302592K, used 290143K [0x00000000d5580000, 0x00000000f1a80000, 0x0000000100000000)
  eden space 276992K, 100% used [0x00000000d5580000,0x00000000e6400000,0x00000000e6400000)
  from space 25600K, 51% used [0x00000000e6400000,0x00000000e70d7e08,0x00000000e7d00000)
  to   space 25088K, 0% used [0x00000000f0200000,0x00000000f0200000,0x00000000f1a80000)
 ParOldGen       total 122880K, used 45780K [0x0000000080000000, 0x0000000087800000, 0x00000000d5580000)
  object space 122880K, 37% used [0x0000000080000000,0x0000000082cb52f0,0x0000000087800000)
 Metaspace       used 85024K, capacity 88828K, committed 89048K, reserved 1126400K
  class space    used 11135K, capacity 11944K, committed 12032K, reserved 1048576K
Event: 7822.053 GC heap after
Heap after GC invocations=17 (full 3):
 PSYoungGen      total 431104K, used 25060K [0x00000000d5580000, 0x00000000f1e00000, 0x0000000100000000)
  eden space 406016K, 0% used [0x00000000d5580000,0x00000000d5580000,0x00000000ee200000)
  from space 25088K, 99% used [0x00000000f0200000,0x00000000f1a79360,0x00000000f1a80000)
  to   space 30720K, 0% used [0x00000000ee200000,0x00000000ee200000,0x00000000f0000000)
 ParOldGen       total 122880K, used 51812K [0x0000000080000000, 0x0000000087800000, 0x00000000d5580000)
  object space 122880K, 42% used [0x0000000080000000,0x0000000083299298,0x0000000087800000)
 Metaspace       used 85024K, capacity 88828K, committed 89048K, reserved 1126400K
  class space    used 11135K, capacity 11944K, committed 12032K, reserved 1048576K
}
Event: 7843.967 GC heap before
{Heap before GC invocations=18 (full 3):
 PSYoungGen      total 431104K, used 431076K [0x00000000d5580000, 0x00000000f1e00000, 0x0000000100000000)
  eden space 406016K, 100% used [0x00000000d5580000,0x00000000ee200000,0x00000000ee200000)
  from space 25088K, 99% used [0x00000000f0200000,0x00000000f1a79360,0x00000000f1a80000)
  to   space 30720K, 0% used [0x00000000ee200000,0x00000000ee200000,0x00000000f0000000)
 ParOldGen       total 122880K, used 51812K [0x0000000080000000, 0x0000000087800000, 0x00000000d5580000)
  object space 122880K, 42% used [0x0000000080000000,0x0000000083299298,0x0000000087800000)
 Metaspace       used 93101K, capacity 97074K, committed 97368K, reserved 1134592K
  class space    used 12014K, capacity 12853K, committed 12928K, reserved 1048576K
Event: 7844.027 GC heap after
Heap after GC invocations=18 (full 3):
 PSYoungGen      total 436736K, used 12084K [0x00000000d5580000, 0x00000000fc680000, 0x0000000100000000)
  eden space 406016K, 0% used [0x00000000d5580000,0x00000000d5580000,0x00000000ee200000)
  from space 30720K, 39% used [0x00000000ee200000,0x00000000eedcd240,0x00000000f0000000)
  to   space 29184K, 0% used [0x00000000faa00000,0x00000000faa00000,0x00000000fc680000)
 ParOldGen       total 122880K, used 61491K [0x0000000080000000, 0x0000000087800000, 0x00000000d5580000)
  object space 122880K, 50% used [0x0000000080000000,0x0000000083c0ce38,0x0000000087800000)
 Metaspace       used 93101K, capacity 97074K, committed 97368K, reserved 1134592K
  class space    used 12014K, capacity 12853K, committed 12928K, reserved 1048576K
}
Event: 7845.484 GC heap before
{Heap before GC invocations=19 (full 3):
 PSYoungGen      total 436736K, used 31676K [0x00000000d5580000, 0x00000000fc680000, 0x0000000100000000)
  eden space 406016K, 4% used [0x00000000d5580000,0x00000000d68a1f18,0x00000000ee200000)
  from space 30720K, 39% used [0x00000000ee200000,0x00000000eedcd240,0x00000000f0000000)
  to   space 29184K, 0% used [0x00000000faa00000,0x00000000faa00000,0x00000000fc680000)
 ParOldGen       total 122880K, used 61491K [0x0000000080000000, 0x0000000087800000, 0x00000000d5580000)
  object space 122880K, 50% used [0x0000000080000000,0x0000000083c0ce38,0x0000000087800000)
 Metaspace       used 94325K, capacity 98348K, committed 98496K, reserved 1134592K
  class space    used 12194K, capacity 13030K, committed 13056K, reserved 1048576K
Event: 7845.497 GC heap after
Heap after GC invocations=19 (full 3):
 PSYoungGen      total 588288K, used 720K [0x00000000d5580000, 0x00000000fbc80000, 0x0000000100000000)
  eden space 569344K, 0% used [0x00000000d5580000,0x00000000d5580000,0x00000000f8180000)
  from space 18944K, 3% used [0x00000000faa00000,0x00000000faab4010,0x00000000fbc80000)
  to   space 30208K, 0% used [0x00000000f8180000,0x00000000f8180000,0x00000000f9f00000)
 ParOldGen       total 122880K, used 67041K [0x0000000080000000, 0x0000000087800000, 0x00000000d5580000)
  object space 122880K, 54% used [0x0000000080000000,0x0000000084178738,0x0000000087800000)
 Metaspace       used 94325K, capacity 98348K, committed 98496K, reserved 1134592K
  class space    used 12194K, capacity 13030K, committed 13056K, reserved 1048576K
}
Event: 7845.497 GC heap before
{Heap before GC invocations=20 (full 4):
 PSYoungGen      total 588288K, used 720K [0x00000000d5580000, 0x00000000fbc80000, 0x0000000100000000)
  eden space 569344K, 0% used [0x00000000d5580000,0x00000000d5580000,0x00000000f8180000)
  from space 18944K, 3% used [0x00000000faa00000,0x00000000faab4010,0x00000000fbc80000)
  to   space 30208K, 0% used [0x00000000f8180000,0x00000000f8180000,0x00000000f9f00000)
 ParOldGen       total 122880K, used 67041K [0x0000000080000000, 0x0000000087800000, 0x00000000d5580000)
  object space 122880K, 54% used [0x0000000080000000,0x0000000084178738,0x0000000087800000)
 Metaspace       used 94325K, capacity 98348K, committed 98496K, reserved 1134592K
  class space    used 12194K, capacity 13030K, committed 13056K, reserved 1048576K
Event: 7846.266 GC heap after
Heap after GC invocations=20 (full 4):
 PSYoungGen      total 588288K, used 0K [0x00000000d5580000, 0x00000000fbc80000, 0x0000000100000000)
  eden space 569344K, 0% used [0x00000000d5580000,0x00000000d5580000,0x00000000f8180000)
  from space 18944K, 0% used [0x00000000faa00000,0x00000000faa00000,0x00000000fbc80000)
  to   space 30208K, 0% used [0x00000000f8180000,0x00000000f8180000,0x00000000f9f00000)
 ParOldGen       total 157696K, used 44084K [0x0000000080000000, 0x0000000089a00000, 0x00000000d5580000)
  object space 157696K, 27% used [0x0000000080000000,0x0000000082b0d2e8,0x0000000089a00000)
 Metaspace       used 93366K, capacity 96580K, committed 98496K, reserved 1134592K
  class space    used 11999K, capacity 12678K, committed 13056K, reserved 1048576K
}

